<?xml version="1.0" encoding="UTF-8"?><testsuite errors="0" failures="1" name="As a user I would like to check CRUD operation of the application" skipped="0" tests="5" time="9.73" timestamp="2022-06-18T21:40:06.270+02:00[Europe/Paris]"><testcase name="I want to create a new employee"/><testcase name="I want to read a new employee"/><testcase name="I want to update a newly created employee"/><testcase name="I want to delete a newly created employee"><failure message="1 expectation failed.&#10;Expected status code &lt;200&gt; but was &lt;429&gt;.&#10;" type="java.lang.AssertionError">1 expectation failed.
Expected status code &lt;200&gt; but was &lt;429&gt;.
</failure><system-err>1 expectation failed.
Expected status code &lt;200&gt; but was &lt;429&gt;.
&#13;
io.restassured.internal.ResponseSpecificationImpl.validateResponseIfRequired(ResponseSpecificationImpl.groovy:636)&#13;
io.restassured.internal.ResponseSpecificationImpl.statusCode(ResponseSpecificationImpl.groovy:122)&#13;
io.restassured.internal.ResponseSpecificationImpl.statusCode(ResponseSpecificationImpl.groovy:130)&#13;
io.restassured.internal.ValidatableResponseOptionsImpl.statusCode(ValidatableResponseOptionsImpl.java:117)&#13;
com.restapiexample.dummy.cucumber.steps.MyStepdefs.iSendDELETERequestToTheApplication(MyStepdefs.java:84)&#13;
✽.When I send DELETE request to the application(dummyRestApiCRUD.feature:23)&#13;
</system-err></testcase><testcase name="I want to fetch all employees and verify some from the response"/></testsuite>